[2022-11-30T12:06:08,185 ERROR] gg.rsmod.game.model.queue.QueueTask - Error with plugin!
java.lang.IllegalStateException: Invalid combat style. MAGIC
	at gg.rsmod.plugins.content.combat.formula.MeleeCombatFormula.getEquipmentAttackBonus(MeleeCombatFormula.kt:147) ~[plugins-0.0.4.jar:?]
	at gg.rsmod.plugins.content.combat.formula.MeleeCombatFormula.getAttackRoll(MeleeCombatFormula.kt:61) ~[plugins-0.0.4.jar:?]
	at gg.rsmod.plugins.content.combat.formula.MeleeCombatFormula.getAccuracy(MeleeCombatFormula.kt:36) ~[plugins-0.0.4.jar:?]
	at gg.rsmod.plugins.content.combat.formula.CombatFormula$DefaultImpls.getAccuracy$default(CombatFormula.kt:10) ~[plugins-0.0.4.jar:?]
	at gg.rsmod.plugins.content.combat.strategy.MeleeCombatStrategy.attack(MeleeCombatStrategy.kt:40) ~[plugins-0.0.4.jar:?]
	at gg.rsmod.plugins.content.combat.Combat_plugin.cycle(combat.plugin.kts:96) ~[plugins-0.0.4.jar:?]
	at gg.rsmod.plugins.content.combat.Combat_plugin$cycle$1.invokeSuspend(combat.plugin.kts) ~[plugins-0.0.4.jar:?]
	at kotlin.coroutines.jvm.internal.BaseContinuationImpl.resumeWith(ContinuationImpl.kt:33) [kotlin-stdlib-1.5.30.jar:1.5.30-release-413(1.5.30)]
	at kotlin.coroutines.SafeContinuation.resumeWith(SafeContinuationJvm.kt:41) [kotlin-stdlib-1.5.30.jar:1.5.30-release-413(1.5.30)]
	at gg.rsmod.game.model.queue.QueueTask.cycle$game(QueueTask.kt:65) [main/:?]
	at gg.rsmod.game.model.queue.impl.PawnQueueTaskSet.cycle(PawnQueueTaskSet.kt:29) [main/:?]
	at gg.rsmod.game.task.QueueHandlerTask$execute$1.invoke(QueueHandlerTask.kt:19) [main/:?]
	at gg.rsmod.game.task.QueueHandlerTask$execute$1.invoke(QueueHandlerTask.kt:12) [main/:?]
	at gg.rsmod.game.model.PawnList.forEach(PawnList.kt:36) [main/:?]
	at gg.rsmod.game.task.QueueHandlerTask.execute(QueueHandlerTask.kt:18) [main/:?]
	at gg.rsmod.game.service.GameService.cycle(GameService.kt:227) [main/:?]
	at gg.rsmod.game.service.GameService.access$cycle(GameService.kt:33) [main/:?]
	at gg.rsmod.game.service.GameService$init$1.invoke(GameService.kt:129) [main/:?]
	at gg.rsmod.game.service.GameService$init$1.invoke(GameService.kt:33) [main/:?]
	at gg.rsmod.game.service.GameService$sam$java_lang_Runnable$0.run(GameService.kt) [main/:?]
	at java.util.concurrent.Executors$RunnableAdapter.call(Executors.java:515) [?:?]
	at java.util.concurrent.FutureTask.runAndReset(FutureTask.java:305) [?:?]
	at java.util.concurrent.ScheduledThreadPoolExecutor$ScheduledFutureTask.run(ScheduledThreadPoolExecutor.java:305) [?:?]
	at java.util.concurrent.ThreadPoolExecutor.runWorker(ThreadPoolExecutor.java:1130) [?:?]
	at java.util.concurrent.ThreadPoolExecutor$Worker.run(ThreadPoolExecutor.java:630) [?:?]
	at java.lang.Thread.run(Thread.java:832) [?:?]
